<?xml version="1.0" encoding="UTF-8"?>
<!-- Generated by org.testng.reporters.JUnitReportReporter -->
<testsuite hostname="USHYDIVENUGOP06" failures="0" tests="1" name="com.google.testbase.NewTest" time="7.396" errors="0" timestamp="17 Nov 2021 08:03:35 GMT" skipped="0">
  <testcase classname="com.google.testbase.NewTest" name="OpenTest" time="7.396"/>
</testsuite> <!-- com.google.testbase.NewTest -->
