<?xml version="1.0" encoding="UTF-8"?>
<!-- Generated by org.testng.reporters.JUnitReportReporter -->
<testsuite hostname="USHYDIVENUGOP06" failures="0" tests="1" name="com.google.testbase.NewTest" time="11.575" errors="0" timestamp="18 Nov 2021 05:45:14 GMT" skipped="0">
  <testcase classname="com.google.testbase.NewTest" name="OpenTest" time="11.575"/>
</testsuite> <!-- com.google.testbase.NewTest -->
